c:\users\gutty333\documents\visual studio 2013\projects\fun practice\fun practice\debug\vc120.pdb
c:\users\gutty333\documents\visual studio 2013\projects\fun practice\fun practice\debug\vc120.idb
c:\users\gutty333\documents\visual studio 2013\projects\fun practice\fun practice\debug\80_starrating.obj
c:\users\gutty333\documents\visual studio 2013\projects\fun practice\fun practice\debug\50_fooddistribution.obj
c:\users\gutty333\documents\visual studio 2013\projects\fun practice\fun practice\debug\60_closestenemy.obj
c:\users\gutty333\documents\visual studio 2013\projects\fun practice\fun practice\debug\61_largestfour.obj
c:\users\gutty333\documents\visual studio 2013\projects\fun practice\fun practice\debug\62_questionmarks.obj
c:\users\gutty333\documents\visual studio 2013\projects\fun practice\fun practice\debug\63_camelcase.obj
c:\users\gutty333\documents\visual studio 2013\projects\fun practice\fun practice\debug\64_summultiplier.obj
c:\users\gutty333\documents\visual studio 2013\projects\fun practice\fun practice\debug\65_stringmerge.obj
c:\users\gutty333\documents\visual studio 2013\projects\fun practice\fun practice\debug\66_simpleevens.obj
c:\users\gutty333\documents\visual studio 2013\projects\fun practice\fun practice\debug\67_onedecremented.obj
c:\users\gutty333\documents\visual studio 2013\projects\fun practice\fun practice\debug\68_distinctcharacters.obj
c:\users\gutty333\documents\visual studio 2013\projects\fun practice\fun practice\debug\69_snakecase.obj
c:\users\gutty333\documents\visual studio 2013\projects\fun practice\fun practice\debug\6_longestword.obj
c:\users\gutty333\documents\visual studio 2013\projects\fun practice\fun practice\debug\70_elementmerger.obj
c:\users\gutty333\documents\visual studio 2013\projects\fun practice\fun practice\debug\71_asciiconversion.obj
c:\users\gutty333\documents\visual studio 2013\projects\fun practice\fun practice\debug\72_gcf.obj
c:\users\gutty333\documents\visual studio 2013\projects\fun practice\fun practice\debug\73_closestenemy2.obj
c:\users\gutty333\documents\visual studio 2013\projects\fun practice\fun practice\debug\74_serialnumber.obj
c:\users\gutty333\documents\visual studio 2013\projects\fun practice\fun practice\debug\75_stringperiods.obj
c:\users\gutty333\documents\visual studio 2013\projects\fun practice\fun practice\debug\76_numberstream.obj
c:\users\gutty333\documents\visual studio 2013\projects\fun practice\fun practice\debug\77_palindromeswapper.obj
c:\users\gutty333\documents\visual studio 2013\projects\fun practice\fun practice\debug\78_removebrackets.obj
c:\users\gutty333\documents\visual studio 2013\projects\fun practice\fun practice\debug\79_commandline.obj
c:\users\gutty333\documents\visual studio 2013\projects\fun practice\fun practice\debug\code37.obj
c:\users\gutty333\documents\visual studio 2013\projects\fun practice\fun practice\debug\code45.obj
c:\users\gutty333\documents\visual studio 2013\projects\fun practice\fun practice\debug\code50.obj
c:\users\gutty333\documents\visual studio 2013\projects\fun practice\fun practice\debug\code55.obj
c:\users\gutty333\documents\visual studio 2013\projects\fun practice\fun practice\debug\code56.obj
c:\users\gutty333\documents\visual studio 2013\projects\fun practice\fun practice\debug\code57.obj
c:\users\gutty333\documents\visual studio 2013\projects\fun practice\fun practice\debug\code58.obj
c:\users\gutty333\documents\visual studio 2013\projects\fun practice\fun practice\debug\code59.obj
c:\users\gutty333\documents\visual studio 2013\projects\fun practice\fun practice\debug\test.obj
c:\users\gutty333\documents\visual studio 2013\projects\fun practice\fun practice\debug\fun practice.ilk
c:\users\gutty333\documents\visual studio 2013\projects\fun practice\fun practice\debug\vc140.idb
c:\users\gutty333\documents\visual studio 2013\projects\fun practice\fun practice\debug\fun practice.pdb
c:\users\gutty333\documents\visual studio 2013\projects\fun practice\fun practice\debug\vc140.pdb
c:\users\gutty333\documents\visual studio 2013\projects\fun practice\debug\fun practice.pdb
c:\users\gutty333\documents\visual studio 2013\projects\fun practice\fun practice\debug\fun practice.tlog\cl.command.1.tlog
c:\users\gutty333\documents\visual studio 2013\projects\fun practice\fun practice\debug\fun practice.tlog\cl.read.1.tlog
c:\users\gutty333\documents\visual studio 2013\projects\fun practice\fun practice\debug\fun practice.tlog\cl.write.1.tlog
c:\users\gutty333\documents\visual studio 2013\projects\fun practice\fun practice\debug\fun practice.tlog\link.command.1.tlog
c:\users\gutty333\documents\visual studio 2013\projects\fun practice\fun practice\debug\fun practice.tlog\link.read.1.tlog
c:\users\gutty333\documents\visual studio 2013\projects\fun practice\fun practice\debug\fun practice.tlog\link.write.1.tlog
